<?xml version="1.0" encoding="UTF-8"?>
<!-- Generated by org.testng.reporters.JUnitReportReporter -->
<testsuite hostname="LPPPhatNH8" failures="0" tests="2" name="NewCustomer.New_Customer_01" time="11.729" errors="0" timestamp="01 Aug 2022 15:26:56 GMT" skipped="0">
  <testcase classname="NewCustomer.New_Customer_01" name="New_Customer_02_Verify_City_Field" time="2.870"/>
  <testcase classname="NewCustomer.New_Customer_01" name="New_Customer_01_Verify_Name_Field" time="8.859"/>
</testsuite> <!-- NewCustomer.New_Customer_01 -->
